[INFO] 2016-04-26 08:40:33,604 org.apache.http.impl.execchain.RetryExec execute - I/O exception (java.net.SocketException) caught when processing request to {}->http://realtime.mbta.com:80: Connection reset
[INFO] 2016-04-26 08:40:33,604 org.apache.http.impl.execchain.RetryExec execute - I/O exception (java.net.SocketException) caught when processing request to {}->http://realtime.mbta.com:80: Connection reset
[INFO] 2016-04-26 08:40:33,604 org.apache.http.impl.execchain.RetryExec execute - I/O exception (java.net.SocketException) caught when processing request to {}->http://realtime.mbta.com:80: Connection reset
[INFO] 2016-04-26 08:40:33,608 org.apache.http.impl.execchain.RetryExec execute - Retrying request to {}->http://realtime.mbta.com:80
[INFO] 2016-04-26 08:40:33,604 org.apache.http.impl.execchain.RetryExec execute - I/O exception (java.net.SocketException) caught when processing request to {}->http://realtime.mbta.com:80: Connection reset
[INFO] 2016-04-26 08:40:33,608 org.apache.http.impl.execchain.RetryExec execute - Retrying request to {}->http://realtime.mbta.com:80
[INFO] 2016-04-26 08:40:33,608 org.apache.http.impl.execchain.RetryExec execute - Retrying request to {}->http://realtime.mbta.com:80
[INFO] 2016-04-26 08:40:33,608 org.apache.http.impl.execchain.RetryExec execute - Retrying request to {}->http://realtime.mbta.com:80
[INFO] 2016-04-26 09:22:31,880 org.apache.http.impl.execchain.RetryExec execute - I/O exception (java.net.SocketException) caught when processing request to {}->http://realtime.mbta.com:80: Network is down
[INFO] 2016-04-26 09:22:31,882 org.apache.http.impl.execchain.RetryExec execute - Retrying request to {}->http://realtime.mbta.com:80
[INFO] 2016-04-26 09:22:31,883 org.apache.http.impl.execchain.RetryExec execute - I/O exception (java.net.SocketException) caught when processing request to {}->http://realtime.mbta.com:80: Network is down
[INFO] 2016-04-26 09:22:31,883 org.apache.http.impl.execchain.RetryExec execute - Retrying request to {}->http://realtime.mbta.com:80
[INFO] 2016-04-26 09:22:31,883 org.apache.http.impl.execchain.RetryExec execute - I/O exception (java.net.SocketException) caught when processing request to {}->http://realtime.mbta.com:80: Network is down
[INFO] 2016-04-26 09:22:31,883 org.apache.http.impl.execchain.RetryExec execute - Retrying request to {}->http://realtime.mbta.com:80
[INFO] 2016-04-26 09:28:53,687 com.amazonaws.http.AmazonHttpClient executeHelper - Unable to execute HTTP request: Read timed out
java.net.SocketTimeoutException: Read timed out
	at java.net.SocketInputStream.socketRead0(Native Method)
	at java.net.SocketInputStream.read(SocketInputStream.java:152)
	at java.net.SocketInputStream.read(SocketInputStream.java:122)
	at sun.security.ssl.InputRecord.readFully(InputRecord.java:442)
	at sun.security.ssl.InputRecord.read(InputRecord.java:480)
	at sun.security.ssl.SSLSocketImpl.readRecord(SSLSocketImpl.java:934)
	at sun.security.ssl.SSLSocketImpl.readDataRecord(SSLSocketImpl.java:891)
	at sun.security.ssl.AppInputStream.read(AppInputStream.java:102)
	at org.apache.http.impl.io.AbstractSessionInputBuffer.fillBuffer(AbstractSessionInputBuffer.java:160)
	at org.apache.http.impl.io.SocketInputBuffer.fillBuffer(SocketInputBuffer.java:84)
	at org.apache.http.impl.io.AbstractSessionInputBuffer.readLine(AbstractSessionInputBuffer.java:273)
	at org.apache.http.impl.conn.DefaultHttpResponseParser.parseHead(DefaultHttpResponseParser.java:140)
	at org.apache.http.impl.conn.DefaultHttpResponseParser.parseHead(DefaultHttpResponseParser.java:57)
	at org.apache.http.impl.io.AbstractMessageParser.parse(AbstractMessageParser.java:260)
	at org.apache.http.impl.AbstractHttpClientConnection.receiveResponseHeader(AbstractHttpClientConnection.java:283)
	at org.apache.http.impl.conn.DefaultClientConnection.receiveResponseHeader(DefaultClientConnection.java:251)
	at org.apache.http.impl.conn.ManagedClientConnectionImpl.receiveResponseHeader(ManagedClientConnectionImpl.java:197)
	at org.apache.http.protocol.HttpRequestExecutor.doReceiveResponse(HttpRequestExecutor.java:271)
	at com.amazonaws.http.protocol.SdkHttpRequestExecutor.doReceiveResponse(SdkHttpRequestExecutor.java:82)
	at org.apache.http.protocol.HttpRequestExecutor.execute(HttpRequestExecutor.java:123)
	at org.apache.http.impl.client.DefaultRequestDirector.tryExecute(DefaultRequestDirector.java:685)
	at org.apache.http.impl.client.DefaultRequestDirector.execute(DefaultRequestDirector.java:487)
	at org.apache.http.impl.client.AbstractHttpClient.doExecute(AbstractHttpClient.java:863)
	at org.apache.http.impl.client.CloseableHttpClient.execute(CloseableHttpClient.java:82)
	at org.apache.http.impl.client.CloseableHttpClient.execute(CloseableHttpClient.java:57)
	at com.amazonaws.http.AmazonHttpClient.executeOneRequest(AmazonHttpClient.java:837)
	at com.amazonaws.http.AmazonHttpClient.executeHelper(AmazonHttpClient.java:607)
	at com.amazonaws.http.AmazonHttpClient.doExecute(AmazonHttpClient.java:376)
	at com.amazonaws.http.AmazonHttpClient.executeWithTimer(AmazonHttpClient.java:338)
	at com.amazonaws.http.AmazonHttpClient.execute(AmazonHttpClient.java:287)
	at com.amazonaws.services.dynamodbv2.AmazonDynamoDBClient.invoke(AmazonDynamoDBClient.java:1970)
	at com.amazonaws.services.dynamodbv2.AmazonDynamoDBClient.putItem(AmazonDynamoDBClient.java:1504)
	at edu.bu.mbta.predictionTable.updatePrediction.update(updatePrediction.java:84)
	at edu.bu.mbta.predictionByRoute.GreenE.execute(GreenE.java:27)
	at edu.bu.mbta.predictionByRoute.GreenE.run(GreenE.java:16)
	at java.lang.Thread.run(Thread.java:745)
[INFO] 2016-04-26 09:52:12,131 org.apache.http.impl.execchain.RetryExec execute - I/O exception (java.net.SocketException) caught when processing request to {}->http://realtime.mbta.com:80: Network is down
[INFO] 2016-04-26 09:52:12,131 org.apache.http.impl.execchain.RetryExec execute - Retrying request to {}->http://realtime.mbta.com:80
[INFO] 2016-04-26 09:52:12,132 org.apache.http.impl.execchain.RetryExec execute - I/O exception (java.net.SocketException) caught when processing request to {}->http://realtime.mbta.com:80: Network is down
[INFO] 2016-04-26 09:52:12,132 org.apache.http.impl.execchain.RetryExec execute - Retrying request to {}->http://realtime.mbta.com:80
[INFO] 2016-04-26 09:52:12,133 org.apache.http.impl.execchain.RetryExec execute - I/O exception (java.net.SocketException) caught when processing request to {}->http://realtime.mbta.com:80: Network is down
[INFO] 2016-04-26 09:52:12,133 org.apache.http.impl.execchain.RetryExec execute - Retrying request to {}->http://realtime.mbta.com:80
[INFO] 2016-04-26 10:01:43,332 com.amazonaws.http.AmazonHttpClient executeHelper - Unable to execute HTTP request: Connection reset
java.net.SocketException: Connection reset
	at java.net.SocketInputStream.read(SocketInputStream.java:196)
	at java.net.SocketInputStream.read(SocketInputStream.java:122)
	at sun.security.ssl.InputRecord.readFully(InputRecord.java:442)
	at sun.security.ssl.InputRecord.read(InputRecord.java:480)
	at sun.security.ssl.SSLSocketImpl.readRecord(SSLSocketImpl.java:934)
	at sun.security.ssl.SSLSocketImpl.readDataRecord(SSLSocketImpl.java:891)
	at sun.security.ssl.AppInputStream.read(AppInputStream.java:102)
	at org.apache.http.impl.io.AbstractSessionInputBuffer.fillBuffer(AbstractSessionInputBuffer.java:160)
	at org.apache.http.impl.io.SocketInputBuffer.fillBuffer(SocketInputBuffer.java:84)
	at org.apache.http.impl.io.AbstractSessionInputBuffer.readLine(AbstractSessionInputBuffer.java:273)
	at org.apache.http.impl.conn.DefaultHttpResponseParser.parseHead(DefaultHttpResponseParser.java:140)
	at org.apache.http.impl.conn.DefaultHttpResponseParser.parseHead(DefaultHttpResponseParser.java:57)
	at org.apache.http.impl.io.AbstractMessageParser.parse(AbstractMessageParser.java:260)
	at org.apache.http.impl.AbstractHttpClientConnection.receiveResponseHeader(AbstractHttpClientConnection.java:283)
	at org.apache.http.impl.conn.DefaultClientConnection.receiveResponseHeader(DefaultClientConnection.java:251)
	at org.apache.http.impl.conn.ManagedClientConnectionImpl.receiveResponseHeader(ManagedClientConnectionImpl.java:197)
	at org.apache.http.protocol.HttpRequestExecutor.doReceiveResponse(HttpRequestExecutor.java:271)
	at com.amazonaws.http.protocol.SdkHttpRequestExecutor.doReceiveResponse(SdkHttpRequestExecutor.java:82)
	at org.apache.http.protocol.HttpRequestExecutor.execute(HttpRequestExecutor.java:123)
	at org.apache.http.impl.client.DefaultRequestDirector.tryExecute(DefaultRequestDirector.java:685)
	at org.apache.http.impl.client.DefaultRequestDirector.execute(DefaultRequestDirector.java:487)
	at org.apache.http.impl.client.AbstractHttpClient.doExecute(AbstractHttpClient.java:863)
	at org.apache.http.impl.client.CloseableHttpClient.execute(CloseableHttpClient.java:82)
	at org.apache.http.impl.client.CloseableHttpClient.execute(CloseableHttpClient.java:57)
	at com.amazonaws.http.AmazonHttpClient.executeOneRequest(AmazonHttpClient.java:837)
	at com.amazonaws.http.AmazonHttpClient.executeHelper(AmazonHttpClient.java:607)
	at com.amazonaws.http.AmazonHttpClient.doExecute(AmazonHttpClient.java:376)
	at com.amazonaws.http.AmazonHttpClient.executeWithTimer(AmazonHttpClient.java:338)
	at com.amazonaws.http.AmazonHttpClient.execute(AmazonHttpClient.java:287)
	at com.amazonaws.services.dynamodbv2.AmazonDynamoDBClient.invoke(AmazonDynamoDBClient.java:1970)
	at com.amazonaws.services.dynamodbv2.AmazonDynamoDBClient.putItem(AmazonDynamoDBClient.java:1504)
	at edu.bu.mbta.predictionTable.updatePrediction.update(updatePrediction.java:84)
	at edu.bu.mbta.predictionByRoute.GreenB.execute(GreenB.java:28)
	at edu.bu.mbta.predictionByRoute.GreenB.run(GreenB.java:17)
	at java.lang.Thread.run(Thread.java:745)
[INFO] 2016-04-26 10:03:38,602 com.amazonaws.http.AmazonHttpClient executeHelper - Unable to execute HTTP request: Read timed out
java.net.SocketTimeoutException: Read timed out
	at java.net.SocketInputStream.socketRead0(Native Method)
	at java.net.SocketInputStream.read(SocketInputStream.java:152)
	at java.net.SocketInputStream.read(SocketInputStream.java:122)
	at sun.security.ssl.InputRecord.readFully(InputRecord.java:442)
	at sun.security.ssl.InputRecord.read(InputRecord.java:480)
	at sun.security.ssl.SSLSocketImpl.readRecord(SSLSocketImpl.java:934)
	at sun.security.ssl.SSLSocketImpl.readDataRecord(SSLSocketImpl.java:891)
	at sun.security.ssl.AppInputStream.read(AppInputStream.java:102)
	at org.apache.http.impl.io.AbstractSessionInputBuffer.fillBuffer(AbstractSessionInputBuffer.java:160)
	at org.apache.http.impl.io.SocketInputBuffer.fillBuffer(SocketInputBuffer.java:84)
	at org.apache.http.impl.io.AbstractSessionInputBuffer.readLine(AbstractSessionInputBuffer.java:273)
	at org.apache.http.impl.conn.DefaultHttpResponseParser.parseHead(DefaultHttpResponseParser.java:140)
	at org.apache.http.impl.conn.DefaultHttpResponseParser.parseHead(DefaultHttpResponseParser.java:57)
	at org.apache.http.impl.io.AbstractMessageParser.parse(AbstractMessageParser.java:260)
	at org.apache.http.impl.AbstractHttpClientConnection.receiveResponseHeader(AbstractHttpClientConnection.java:283)
	at org.apache.http.impl.conn.DefaultClientConnection.receiveResponseHeader(DefaultClientConnection.java:251)
	at org.apache.http.impl.conn.ManagedClientConnectionImpl.receiveResponseHeader(ManagedClientConnectionImpl.java:197)
	at org.apache.http.protocol.HttpRequestExecutor.doReceiveResponse(HttpRequestExecutor.java:271)
	at com.amazonaws.http.protocol.SdkHttpRequestExecutor.doReceiveResponse(SdkHttpRequestExecutor.java:82)
	at org.apache.http.protocol.HttpRequestExecutor.execute(HttpRequestExecutor.java:123)
	at org.apache.http.impl.client.DefaultRequestDirector.tryExecute(DefaultRequestDirector.java:685)
	at org.apache.http.impl.client.DefaultRequestDirector.execute(DefaultRequestDirector.java:487)
	at org.apache.http.impl.client.AbstractHttpClient.doExecute(AbstractHttpClient.java:863)
	at org.apache.http.impl.client.CloseableHttpClient.execute(CloseableHttpClient.java:82)
	at org.apache.http.impl.client.CloseableHttpClient.execute(CloseableHttpClient.java:57)
	at com.amazonaws.http.AmazonHttpClient.executeOneRequest(AmazonHttpClient.java:837)
	at com.amazonaws.http.AmazonHttpClient.executeHelper(AmazonHttpClient.java:607)
	at com.amazonaws.http.AmazonHttpClient.doExecute(AmazonHttpClient.java:376)
	at com.amazonaws.http.AmazonHttpClient.executeWithTimer(AmazonHttpClient.java:338)
	at com.amazonaws.http.AmazonHttpClient.execute(AmazonHttpClient.java:287)
	at com.amazonaws.services.dynamodbv2.AmazonDynamoDBClient.invoke(AmazonDynamoDBClient.java:1970)
	at com.amazonaws.services.dynamodbv2.AmazonDynamoDBClient.putItem(AmazonDynamoDBClient.java:1504)
	at edu.bu.mbta.predictionTable.updatePrediction.update(updatePrediction.java:84)
	at edu.bu.mbta.predictionByRoute.Red.execute(Red.java:28)
	at edu.bu.mbta.predictionByRoute.Red.run(Red.java:17)
	at java.lang.Thread.run(Thread.java:745)
[INFO] 2016-04-26 11:25:37,537 com.amazonaws.http.AmazonHttpClient executeHelper - Unable to execute HTTP request: Connection reset
java.net.SocketException: Connection reset
	at java.net.SocketInputStream.read(SocketInputStream.java:196)
	at java.net.SocketInputStream.read(SocketInputStream.java:122)
	at sun.security.ssl.InputRecord.readFully(InputRecord.java:442)
	at sun.security.ssl.InputRecord.read(InputRecord.java:480)
	at sun.security.ssl.SSLSocketImpl.readRecord(SSLSocketImpl.java:934)
	at sun.security.ssl.SSLSocketImpl.readDataRecord(SSLSocketImpl.java:891)
	at sun.security.ssl.AppInputStream.read(AppInputStream.java:102)
	at org.apache.http.impl.io.AbstractSessionInputBuffer.fillBuffer(AbstractSessionInputBuffer.java:160)
	at org.apache.http.impl.io.SocketInputBuffer.fillBuffer(SocketInputBuffer.java:84)
	at org.apache.http.impl.io.AbstractSessionInputBuffer.readLine(AbstractSessionInputBuffer.java:273)
	at org.apache.http.impl.conn.DefaultHttpResponseParser.parseHead(DefaultHttpResponseParser.java:140)
	at org.apache.http.impl.conn.DefaultHttpResponseParser.parseHead(DefaultHttpResponseParser.java:57)
	at org.apache.http.impl.io.AbstractMessageParser.parse(AbstractMessageParser.java:260)
	at org.apache.http.impl.AbstractHttpClientConnection.receiveResponseHeader(AbstractHttpClientConnection.java:283)
	at org.apache.http.impl.conn.DefaultClientConnection.receiveResponseHeader(DefaultClientConnection.java:251)
	at org.apache.http.impl.conn.ManagedClientConnectionImpl.receiveResponseHeader(ManagedClientConnectionImpl.java:197)
	at org.apache.http.protocol.HttpRequestExecutor.doReceiveResponse(HttpRequestExecutor.java:271)
	at com.amazonaws.http.protocol.SdkHttpRequestExecutor.doReceiveResponse(SdkHttpRequestExecutor.java:82)
	at org.apache.http.protocol.HttpRequestExecutor.execute(HttpRequestExecutor.java:123)
	at org.apache.http.impl.client.DefaultRequestDirector.tryExecute(DefaultRequestDirector.java:685)
	at org.apache.http.impl.client.DefaultRequestDirector.execute(DefaultRequestDirector.java:487)
	at org.apache.http.impl.client.AbstractHttpClient.doExecute(AbstractHttpClient.java:863)
	at org.apache.http.impl.client.CloseableHttpClient.execute(CloseableHttpClient.java:82)
	at org.apache.http.impl.client.CloseableHttpClient.execute(CloseableHttpClient.java:57)
	at com.amazonaws.http.AmazonHttpClient.executeOneRequest(AmazonHttpClient.java:837)
	at com.amazonaws.http.AmazonHttpClient.executeHelper(AmazonHttpClient.java:607)
	at com.amazonaws.http.AmazonHttpClient.doExecute(AmazonHttpClient.java:376)
	at com.amazonaws.http.AmazonHttpClient.executeWithTimer(AmazonHttpClient.java:338)
	at com.amazonaws.http.AmazonHttpClient.execute(AmazonHttpClient.java:287)
	at com.amazonaws.services.dynamodbv2.AmazonDynamoDBClient.invoke(AmazonDynamoDBClient.java:1970)
	at com.amazonaws.services.dynamodbv2.AmazonDynamoDBClient.putItem(AmazonDynamoDBClient.java:1504)
	at edu.bu.mbta.predictionTable.updatePrediction.update(updatePrediction.java:84)
	at edu.bu.mbta.predictionByRoute.Blue.execute(Blue.java:28)
	at edu.bu.mbta.predictionByRoute.Blue.run(Blue.java:17)
	at java.lang.Thread.run(Thread.java:745)
[INFO] 2016-04-26 11:29:21,169 org.apache.http.impl.execchain.RetryExec execute - I/O exception (java.net.SocketException) caught when processing request to {}->http://realtime.mbta.com:80: Network is down
[INFO] 2016-04-26 11:29:21,169 org.apache.http.impl.execchain.RetryExec execute - Retrying request to {}->http://realtime.mbta.com:80
[INFO] 2016-04-26 11:29:21,170 org.apache.http.impl.execchain.RetryExec execute - I/O exception (java.net.SocketException) caught when processing request to {}->http://realtime.mbta.com:80: Network is down
[INFO] 2016-04-26 11:29:21,170 org.apache.http.impl.execchain.RetryExec execute - Retrying request to {}->http://realtime.mbta.com:80
[INFO] 2016-04-26 11:29:21,170 org.apache.http.impl.execchain.RetryExec execute - I/O exception (java.net.SocketException) caught when processing request to {}->http://realtime.mbta.com:80: Network is down
[INFO] 2016-04-26 11:29:21,170 org.apache.http.impl.execchain.RetryExec execute - Retrying request to {}->http://realtime.mbta.com:80
[INFO] 2016-04-26 11:55:25,250 com.amazonaws.http.AmazonHttpClient executeHelper - Unable to execute HTTP request: Connection reset
java.net.SocketException: Connection reset
	at java.net.SocketInputStream.read(SocketInputStream.java:196)
	at java.net.SocketInputStream.read(SocketInputStream.java:122)
	at sun.security.ssl.InputRecord.readFully(InputRecord.java:442)
	at sun.security.ssl.InputRecord.read(InputRecord.java:480)
	at sun.security.ssl.SSLSocketImpl.readRecord(SSLSocketImpl.java:934)
	at sun.security.ssl.SSLSocketImpl.readDataRecord(SSLSocketImpl.java:891)
	at sun.security.ssl.AppInputStream.read(AppInputStream.java:102)
	at org.apache.http.impl.io.AbstractSessionInputBuffer.fillBuffer(AbstractSessionInputBuffer.java:160)
	at org.apache.http.impl.io.SocketInputBuffer.fillBuffer(SocketInputBuffer.java:84)
	at org.apache.http.impl.io.AbstractSessionInputBuffer.readLine(AbstractSessionInputBuffer.java:273)
	at org.apache.http.impl.conn.DefaultHttpResponseParser.parseHead(DefaultHttpResponseParser.java:140)
	at org.apache.http.impl.conn.DefaultHttpResponseParser.parseHead(DefaultHttpResponseParser.java:57)
	at org.apache.http.impl.io.AbstractMessageParser.parse(AbstractMessageParser.java:260)
	at org.apache.http.impl.AbstractHttpClientConnection.receiveResponseHeader(AbstractHttpClientConnection.java:283)
	at org.apache.http.impl.conn.DefaultClientConnection.receiveResponseHeader(DefaultClientConnection.java:251)
	at org.apache.http.impl.conn.ManagedClientConnectionImpl.receiveResponseHeader(ManagedClientConnectionImpl.java:197)
	at org.apache.http.protocol.HttpRequestExecutor.doReceiveResponse(HttpRequestExecutor.java:271)
	at com.amazonaws.http.protocol.SdkHttpRequestExecutor.doReceiveResponse(SdkHttpRequestExecutor.java:82)
	at org.apache.http.protocol.HttpRequestExecutor.execute(HttpRequestExecutor.java:123)
	at org.apache.http.impl.client.DefaultRequestDirector.tryExecute(DefaultRequestDirector.java:685)
	at org.apache.http.impl.client.DefaultRequestDirector.execute(DefaultRequestDirector.java:487)
	at org.apache.http.impl.client.AbstractHttpClient.doExecute(AbstractHttpClient.java:863)
	at org.apache.http.impl.client.CloseableHttpClient.execute(CloseableHttpClient.java:82)
	at org.apache.http.impl.client.CloseableHttpClient.execute(CloseableHttpClient.java:57)
	at com.amazonaws.http.AmazonHttpClient.executeOneRequest(AmazonHttpClient.java:837)
	at com.amazonaws.http.AmazonHttpClient.executeHelper(AmazonHttpClient.java:607)
	at com.amazonaws.http.AmazonHttpClient.doExecute(AmazonHttpClient.java:376)
	at com.amazonaws.http.AmazonHttpClient.executeWithTimer(AmazonHttpClient.java:338)
	at com.amazonaws.http.AmazonHttpClient.execute(AmazonHttpClient.java:287)
	at com.amazonaws.services.dynamodbv2.AmazonDynamoDBClient.invoke(AmazonDynamoDBClient.java:1970)
	at com.amazonaws.services.dynamodbv2.AmazonDynamoDBClient.putItem(AmazonDynamoDBClient.java:1504)
	at edu.bu.mbta.predictionTable.updatePrediction.update(updatePrediction.java:84)
	at edu.bu.mbta.predictionByRoute.Orange.execute(Orange.java:28)
	at edu.bu.mbta.predictionByRoute.Orange.run(Orange.java:17)
	at java.lang.Thread.run(Thread.java:745)
[INFO] 2016-04-26 11:58:30,912 org.apache.http.impl.execchain.RetryExec execute - I/O exception (java.net.SocketException) caught when processing request to {}->http://realtime.mbta.com:80: Network is down
[INFO] 2016-04-26 12:09:57,163 org.apache.http.impl.execchain.RetryExec execute - Retrying request to {}->http://realtime.mbta.com:80
[INFO] 2016-04-26 12:09:57,165 org.apache.http.impl.execchain.RetryExec execute - I/O exception (java.net.SocketException) caught when processing request to {}->http://realtime.mbta.com:80: Network is down
[INFO] 2016-04-26 12:09:57,165 org.apache.http.impl.execchain.RetryExec execute - Retrying request to {}->http://realtime.mbta.com:80
[INFO] 2016-04-26 12:09:57,166 org.apache.http.impl.execchain.RetryExec execute - I/O exception (java.net.SocketException) caught when processing request to {}->http://realtime.mbta.com:80: Network is down
[INFO] 2016-04-26 12:09:57,166 org.apache.http.impl.execchain.RetryExec execute - Retrying request to {}->http://realtime.mbta.com:80
